<?xml version="1.0" encoding="UTF-8"?>
<testng-results total="4" passed="4" failed="0" skipped="0">
  <reporter-output>
  </reporter-output>
  <suite started-at="2021-01-10T04:43:33Z" name="Suite" finished-at="2021-01-10T04:44:18Z" duration-ms="44754">
    <groups>
    </groups>
    <test started-at="2021-01-10T04:43:33Z" name="Test" finished-at="2021-01-10T04:44:18Z" duration-ms="44754">
      <class name="MavenPackage.HomePage">
        <test-method is-config="true" signature="initialize()[pri:0, instance:MavenPackage.HomePage@4bd31064]" started-at="2021-01-09T23:43:33Z" name="initialize" finished-at="2021-01-09T23:43:37Z" duration-ms="3715" status="PASS">
          <reporter-output>
          </reporter-output>
        </test-method> <!-- initialize -->
        <test-method is-config="true" signature="initialize()[pri:0, instance:MavenPackage.validateNavigationBar@4d518b32]" started-at="2021-01-09T23:43:37Z" name="initialize" finished-at="2021-01-09T23:43:48Z" duration-ms="10811" status="PASS">
          <reporter-output>
          </reporter-output>
        </test-method> <!-- initialize -->
        <test-method is-config="true" signature="initialize()[pri:0, instance:MavenPackage.validateTitle@295cf707]" started-at="2021-01-09T23:43:48Z" name="initialize" finished-at="2021-01-09T23:43:59Z" duration-ms="11572" status="PASS">
          <reporter-output>
          </reporter-output>
        </test-method> <!-- initialize -->
        <test-method signature="basePageNavigation(java.lang.String, java.lang.String, java.lang.String)[pri:0, instance:MavenPackage.HomePage@4bd31064]" started-at="2021-01-09T23:43:59Z" name="basePageNavigation" data-provider="getData" finished-at="2021-01-09T23:44:13Z" duration-ms="14056" status="PASS">
          <params>
            <param index="0">
              <value>
                <![CDATA[nonrestricteduser@qw.com]]>
              </value>
            </param>
            <param index="1">
              <value>
                <![CDATA[123456]]>
              </value>
            </param>
            <param index="2">
              <value>
                <![CDATA[Restrcited User]]>
              </value>
            </param>
          </params>
          <reporter-output>
          </reporter-output>
        </test-method> <!-- basePageNavigation -->
        <test-method signature="basePageNavigation(java.lang.String, java.lang.String, java.lang.String)[pri:0, instance:MavenPackage.HomePage@4bd31064]" started-at="2021-01-09T23:44:13Z" name="basePageNavigation" data-provider="getData" finished-at="2021-01-09T23:44:17Z" duration-ms="4037" status="PASS">
          <params>
            <param index="0">
              <value>
                <![CDATA[restricteduser@qw.com]]>
              </value>
            </param>
            <param index="1">
              <value>
                <![CDATA[456788]]>
              </value>
            </param>
            <param index="2">
              <value>
                <![CDATA[Non restricted user]]>
              </value>
            </param>
          </params>
          <reporter-output>
          </reporter-output>
        </test-method> <!-- basePageNavigation -->
        <test-method is-config="true" signature="teardown()[pri:0, instance:MavenPackage.HomePage@4bd31064]" started-at="2021-01-09T23:44:18Z" name="teardown" finished-at="2021-01-09T23:44:18Z" duration-ms="109" status="PASS">
          <reporter-output>
          </reporter-output>
        </test-method> <!-- teardown -->
        <test-method is-config="true" signature="teardown()[pri:0, instance:MavenPackage.validateNavigationBar@4d518b32]" started-at="2021-01-09T23:44:18Z" name="teardown" finished-at="2021-01-09T23:44:18Z" duration-ms="103" status="PASS">
          <reporter-output>
          </reporter-output>
        </test-method> <!-- teardown -->
        <test-method is-config="true" signature="teardown()[pri:0, instance:MavenPackage.validateTitle@295cf707]" started-at="2021-01-09T23:44:18Z" name="teardown" finished-at="2021-01-09T23:44:18Z" duration-ms="101" status="PASS">
          <reporter-output>
          </reporter-output>
        </test-method> <!-- teardown -->
      </class> <!-- MavenPackage.HomePage -->
      <class name="MavenPackage.validateTitle">
        <test-method signature="validateAppTitle()[pri:0, instance:MavenPackage.validateTitle@295cf707]" started-at="2021-01-09T23:43:59Z" name="validateAppTitle" finished-at="2021-01-09T23:43:59Z" duration-ms="120" status="PASS">
          <reporter-output>
          </reporter-output>
        </test-method> <!-- validateAppTitle -->
      </class> <!-- MavenPackage.validateTitle -->
      <class name="MavenPackage.validateNavigationBar">
        <test-method signature="validateAppNavBar()[pri:0, instance:MavenPackage.validateNavigationBar@4d518b32]" started-at="2021-01-09T23:44:17Z" name="validateAppNavBar" finished-at="2021-01-09T23:44:18Z" duration-ms="106" status="PASS">
          <reporter-output>
          </reporter-output>
        </test-method> <!-- validateAppNavBar -->
      </class> <!-- MavenPackage.validateNavigationBar -->
    </test> <!-- Test -->
  </suite> <!-- Suite -->
</testng-results>
