<?xml version="1.0" encoding="UTF-8"?>
<!-- Generated by org.testng.reporters.JUnitXMLReporter -->
<testsuite hostname="DESKTOP-8F6T45G" failures="0" tests="4" name="Test" time="44.754" errors="0" timestamp="10 Jan 2021 04:44:18 GMT">
  <testcase classname="MavenPackage.validateTitle" name="validateAppTitle" time="0.12"/>
  <testcase classname="MavenPackage.HomePage" name="basePageNavigation" time="14.056"/>
  <testcase classname="MavenPackage.HomePage" name="basePageNavigation" time="4.037"/>
  <testcase classname="MavenPackage.validateNavigationBar" name="validateAppNavBar" time="0.106"/>
</testsuite> <!-- Test -->
